573216735852:ENCOLADO ans_0999a6d9-28c5-4dc9-9301-f02d6d20678b
EJECUTANDO:ans_0999a6d9-28c5-4dc9-9301-f02d6d20678b
573216735852:SUCCESS
573216735852:ENCOLADO ans_b4cd789b-cd27-4ec9-bd62-84d24e8b7dae
EJECUTANDO:ans_b4cd789b-cd27-4ec9-bd62-84d24e8b7dae
573216735852:SUCCESS
573216735852:ENCOLADO ans_d0d046ee-4d6e-4576-aadc-69a3bce229ab
EJECUTANDO:ans_d0d046ee-4d6e-4576-aadc-69a3bce229ab
573216735852:SUCCESS
573216735852:ENCOLADO ans_0999a6d9-28c5-4dc9-9301-f02d6d20678b
EJECUTANDO:ans_0999a6d9-28c5-4dc9-9301-f02d6d20678b
573216735852:SUCCESS
573216735852:ENCOLADO ans_b4cd789b-cd27-4ec9-bd62-84d24e8b7dae
EJECUTANDO:ans_b4cd789b-cd27-4ec9-bd62-84d24e8b7dae
573216735852:SUCCESS
573216735852:ENCOLADO ans_e5d66741-349a-4704-a29a-1cbb21102fcc
EJECUTANDO:ans_e5d66741-349a-4704-a29a-1cbb21102fcc
573216735852:SUCCESS
573216735852:ENCOLADO ans_0999a6d9-28c5-4dc9-9301-f02d6d20678b
EJECUTANDO:ans_0999a6d9-28c5-4dc9-9301-f02d6d20678b
573216735852:SUCCESS
573216735852:ENCOLADO ans_b4cd789b-cd27-4ec9-bd62-84d24e8b7dae
EJECUTANDO:ans_b4cd789b-cd27-4ec9-bd62-84d24e8b7dae
573216735852:SUCCESS
573216735852:ENCOLADO ans_a44e31f8-5678-410c-ae41-349823c0a83f
EJECUTANDO:ans_a44e31f8-5678-410c-ae41-349823c0a83f
573216735852:SUCCESS
573216735852:ENCOLADO ans_0999a6d9-28c5-4dc9-9301-f02d6d20678b
EJECUTANDO:ans_0999a6d9-28c5-4dc9-9301-f02d6d20678b
573216735852:SUCCESS
573216735852:ENCOLADO ans_b4cd789b-cd27-4ec9-bd62-84d24e8b7dae
EJECUTANDO:ans_b4cd789b-cd27-4ec9-bd62-84d24e8b7dae
573216735852:SUCCESS
573216735852:ENCOLADO ans_63060e6e-da91-4d38-82fb-f0760d9f085c
EJECUTANDO:ans_63060e6e-da91-4d38-82fb-f0760d9f085c
573216735852:SUCCESS
